<?xml version="1.0" encoding="UTF-8"?>
<!-- Generated by org.testng.reporters.JUnitReportReporter -->
<testsuite hostname="Timas-PC" failures="0" tests="1" name="testCases.TC_001_AccountRegistrationTest" time="4.497" errors="0" timestamp="2023-03-19T19:08:30 PDT" skipped="0">
  <testcase classname="testCases.TC_001_AccountRegistrationTest" name="test_account_Registration" time="4.497"/>
  <system-out/>
</testsuite> <!-- testCases.TC_001_AccountRegistrationTest -->
